[debug] [2018-01-29T03:05:56.116Z] ----------------------------------------------------------------------
[debug] [2018-01-29T03:05:56.124Z] Command:       C:\Program Files\nodejs\node.exe C:\Users\HULK\AppData\Roaming\npm\node_modules\firebase-tools\bin\firebase init
[debug] [2018-01-29T03:05:56.124Z] CLI Version:   3.17.4
[debug] [2018-01-29T03:05:56.124Z] Platform:      win32
[debug] [2018-01-29T03:05:56.124Z] Node Version:  v8.9.0
[debug] [2018-01-29T03:05:56.128Z] Time:          Mon Jan 29 2018 08:35:56 GMT+0530 (India Standard Time)
[debug] [2018-01-29T03:05:56.128Z] ----------------------------------------------------------------------
[debug] 
[debug] [2018-01-29T03:05:56.228Z] > command requires scopes: ["email","openid","https://www.googleapis.com/auth/cloudplatformprojects.readonly","https://www.googleapis.com/auth/firebase"]
[debug] [2018-01-29T03:05:56.228Z] > authorizing via signed-in user
[info] 
     ######## #### ########  ######## ########     ###     ######  ########
     ##        ##  ##     ## ##       ##     ##  ##   ##  ##       ##
     ######    ##  ########  ######   ########  #########  ######  ######
     ##        ##  ##    ##  ##       ##     ## ##     ##       ## ##
     ##       #### ##     ## ######## ########  ##     ##  ######  ########

You're about to initialize a Firebase project in this directory:

  C:\Ityukta

Before we get started, keep in mind:

  * You are currently outside your home directory

